** Daemonized, any open files are closed.  Look at log/mongrel.pid and log/mongrel.log for info.
** Starting Mongrel listening at 0.0.0.0:12001
** Starting Rails with production environment...
** Rails loaded.
** Loading any Rails specific GemPlugins
** Signals ready.  TERM => stop.  USR2 => restart.  INT => stop (no restart).
** Rails signals registered.  HUP => reload (without restart).  It might not work well.
** Mongrel 1.1.5 available at 0.0.0.0:12001
** Writing PID file to log/mongrel.pid
Sun Dec 16 07:29:35 -0600 2012: Error calling Dispatcher.dispatch #<NoMethodError: private method `split' called for nil:NilClass>
/usr/lib/ruby/gems/1.8/gems/actionpack-2.3.14/lib/action_controller/cgi_process.rb:52:in `dispatch_cgi'
/usr/lib/ruby/gems/1.8/gems/actionpack-2.3.14/lib/action_controller/dispatcher.rb:101:in `dispatch_cgi'
/usr/lib/ruby/gems/1.8/gems/actionpack-2.3.14/lib/action_controller/dispatcher.rb:27:in `dispatch'
/usr/lib/ruby/gems/1.8/gems/mongrel-1.1.5/bin/../lib/mongrel/rails.rb:76:in `process'
/usr/lib/ruby/gems/1.8/gems/mongrel-1.1.5/bin/../lib/mongrel/rails.rb:74:in `synchronize'
/usr/lib/ruby/gems/1.8/gems/mongrel-1.1.5/bin/../lib/mongrel/rails.rb:74:in `process'
/usr/lib/ruby/gems/1.8/gems/mongrel-1.1.5/bin/../lib/mongrel.rb:159:in `process_client'
/usr/lib/ruby/gems/1.8/gems/mongrel-1.1.5/bin/../lib/mongrel.rb:158:in `each'
/usr/lib/ruby/gems/1.8/gems/mongrel-1.1.5/bin/../lib/mongrel.rb:158:in `process_client'
/usr/lib/ruby/gems/1.8/gems/mongrel-1.1.5/bin/../lib/mongrel.rb:285:in `run'
/usr/lib/ruby/gems/1.8/gems/mongrel-1.1.5/bin/../lib/mongrel.rb:285:in `initialize'
/usr/lib/ruby/gems/1.8/gems/mongrel-1.1.5/bin/../lib/mongrel.rb:285:in `new'
/usr/lib/ruby/gems/1.8/gems/mongrel-1.1.5/bin/../lib/mongrel.rb:285:in `run'
/usr/lib/ruby/gems/1.8/gems/mongrel-1.1.5/bin/../lib/mongrel.rb:268:in `initialize'
/usr/lib/ruby/gems/1.8/gems/mongrel-1.1.5/bin/../lib/mongrel.rb:268:in `new'
/usr/lib/ruby/gems/1.8/gems/mongrel-1.1.5/bin/../lib/mongrel.rb:268:in `run'
/usr/lib/ruby/gems/1.8/gems/mongrel-1.1.5/bin/../lib/mongrel/configurator.rb:282:in `run'
/usr/lib/ruby/gems/1.8/gems/mongrel-1.1.5/bin/../lib/mongrel/configurator.rb:281:in `each'
/usr/lib/ruby/gems/1.8/gems/mongrel-1.1.5/bin/../lib/mongrel/configurator.rb:281:in `run'
/usr/lib/ruby/gems/1.8/gems/mongrel-1.1.5/bin/mongrel_rails:128:in `run'
/usr/lib/ruby/gems/1.8/gems/mongrel-1.1.5/bin/../lib/mongrel/command.rb:212:in `run'
/usr/lib/ruby/gems/1.8/gems/mongrel-1.1.5/bin/mongrel_rails:281
/usr/bin/mongrel_rails:19:in `load'
/usr/bin/mongrel_rails:19
Sun Dec 16 07:29:40 -0600 2012: Error calling Dispatcher.dispatch #<NoMethodError: private method `split' called for nil:NilClass>
/usr/lib/ruby/gems/1.8/gems/actionpack-2.3.14/lib/action_controller/cgi_process.rb:52:in `dispatch_cgi'
/usr/lib/ruby/gems/1.8/gems/actionpack-2.3.14/lib/action_controller/dispatcher.rb:101:in `dispatch_cgi'
/usr/lib/ruby/gems/1.8/gems/actionpack-2.3.14/lib/action_controller/dispatcher.rb:27:in `dispatch'
/usr/lib/ruby/gems/1.8/gems/mongrel-1.1.5/bin/../lib/mongrel/rails.rb:76:in `process'
/usr/lib/ruby/gems/1.8/gems/mongrel-1.1.5/bin/../lib/mongrel/rails.rb:74:in `synchronize'
/usr/lib/ruby/gems/1.8/gems/mongrel-1.1.5/bin/../lib/mongrel/rails.rb:74:in `process'
/usr/lib/ruby/gems/1.8/gems/mongrel-1.1.5/bin/../lib/mongrel.rb:159:in `process_client'
/usr/lib/ruby/gems/1.8/gems/mongrel-1.1.5/bin/../lib/mongrel.rb:158:in `each'
/usr/lib/ruby/gems/1.8/gems/mongrel-1.1.5/bin/../lib/mongrel.rb:158:in `process_client'
/usr/lib/ruby/gems/1.8/gems/mongrel-1.1.5/bin/../lib/mongrel.rb:285:in `run'
/usr/lib/ruby/gems/1.8/gems/mongrel-1.1.5/bin/../lib/mongrel.rb:285:in `initialize'
/usr/lib/ruby/gems/1.8/gems/mongrel-1.1.5/bin/../lib/mongrel.rb:285:in `new'
/usr/lib/ruby/gems/1.8/gems/mongrel-1.1.5/bin/../lib/mongrel.rb:285:in `run'
/usr/lib/ruby/gems/1.8/gems/mongrel-1.1.5/bin/../lib/mongrel.rb:268:in `initialize'
/usr/lib/ruby/gems/1.8/gems/mongrel-1.1.5/bin/../lib/mongrel.rb:268:in `new'
/usr/lib/ruby/gems/1.8/gems/mongrel-1.1.5/bin/../lib/mongrel.rb:268:in `run'
/usr/lib/ruby/gems/1.8/gems/mongrel-1.1.5/bin/../lib/mongrel/configurator.rb:282:in `run'
/usr/lib/ruby/gems/1.8/gems/mongrel-1.1.5/bin/../lib/mongrel/configurator.rb:281:in `each'
/usr/lib/ruby/gems/1.8/gems/mongrel-1.1.5/bin/../lib/mongrel/configurator.rb:281:in `run'
/usr/lib/ruby/gems/1.8/gems/mongrel-1.1.5/bin/mongrel_rails:128:in `run'
/usr/lib/ruby/gems/1.8/gems/mongrel-1.1.5/bin/../lib/mongrel/command.rb:212:in `run'
/usr/lib/ruby/gems/1.8/gems/mongrel-1.1.5/bin/mongrel_rails:281
/usr/bin/mongrel_rails:19:in `load'
/usr/bin/mongrel_rails:19
Sun Dec 16 07:29:42 -0600 2012: Error calling Dispatcher.dispatch #<NoMethodError: private method `split' called for nil:NilClass>
/usr/lib/ruby/gems/1.8/gems/actionpack-2.3.14/lib/action_controller/cgi_process.rb:52:in `dispatch_cgi'
/usr/lib/ruby/gems/1.8/gems/actionpack-2.3.14/lib/action_controller/dispatcher.rb:101:in `dispatch_cgi'
/usr/lib/ruby/gems/1.8/gems/actionpack-2.3.14/lib/action_controller/dispatcher.rb:27:in `dispatch'
/usr/lib/ruby/gems/1.8/gems/mongrel-1.1.5/bin/../lib/mongrel/rails.rb:76:in `process'
/usr/lib/ruby/gems/1.8/gems/mongrel-1.1.5/bin/../lib/mongrel/rails.rb:74:in `synchronize'
/usr/lib/ruby/gems/1.8/gems/mongrel-1.1.5/bin/../lib/mongrel/rails.rb:74:in `process'
/usr/lib/ruby/gems/1.8/gems/mongrel-1.1.5/bin/../lib/mongrel.rb:159:in `process_client'
/usr/lib/ruby/gems/1.8/gems/mongrel-1.1.5/bin/../lib/mongrel.rb:158:in `each'
/usr/lib/ruby/gems/1.8/gems/mongrel-1.1.5/bin/../lib/mongrel.rb:158:in `process_client'
/usr/lib/ruby/gems/1.8/gems/mongrel-1.1.5/bin/../lib/mongrel.rb:285:in `run'
/usr/lib/ruby/gems/1.8/gems/mongrel-1.1.5/bin/../lib/mongrel.rb:285:in `initialize'
/usr/lib/ruby/gems/1.8/gems/mongrel-1.1.5/bin/../lib/mongrel.rb:285:in `new'
/usr/lib/ruby/gems/1.8/gems/mongrel-1.1.5/bin/../lib/mongrel.rb:285:in `run'
/usr/lib/ruby/gems/1.8/gems/mongrel-1.1.5/bin/../lib/mongrel.rb:268:in `initialize'
/usr/lib/ruby/gems/1.8/gems/mongrel-1.1.5/bin/../lib/mongrel.rb:268:in `new'
/usr/lib/ruby/gems/1.8/gems/mongrel-1.1.5/bin/../lib/mongrel.rb:268:in `run'
/usr/lib/ruby/gems/1.8/gems/mongrel-1.1.5/bin/../lib/mongrel/configurator.rb:282:in `run'
/usr/lib/ruby/gems/1.8/gems/mongrel-1.1.5/bin/../lib/mongrel/configurator.rb:281:in `each'
/usr/lib/ruby/gems/1.8/gems/mongrel-1.1.5/bin/../lib/mongrel/configurator.rb:281:in `run'
/usr/lib/ruby/gems/1.8/gems/mongrel-1.1.5/bin/mongrel_rails:128:in `run'
/usr/lib/ruby/gems/1.8/gems/mongrel-1.1.5/bin/../lib/mongrel/command.rb:212:in `run'
/usr/lib/ruby/gems/1.8/gems/mongrel-1.1.5/bin/mongrel_rails:281
/usr/bin/mongrel_rails:19:in `load'
/usr/bin/mongrel_rails:19
Sun Dec 16 07:29:42 -0600 2012: Error calling Dispatcher.dispatch #<NoMethodError: private method `split' called for nil:NilClass>
/usr/lib/ruby/gems/1.8/gems/actionpack-2.3.14/lib/action_controller/cgi_process.rb:52:in `dispatch_cgi'
/usr/lib/ruby/gems/1.8/gems/actionpack-2.3.14/lib/action_controller/dispatcher.rb:101:in `dispatch_cgi'
/usr/lib/ruby/gems/1.8/gems/actionpack-2.3.14/lib/action_controller/dispatcher.rb:27:in `dispatch'
/usr/lib/ruby/gems/1.8/gems/mongrel-1.1.5/bin/../lib/mongrel/rails.rb:76:in `process'
/usr/lib/ruby/gems/1.8/gems/mongrel-1.1.5/bin/../lib/mongrel/rails.rb:74:in `synchronize'
/usr/lib/ruby/gems/1.8/gems/mongrel-1.1.5/bin/../lib/mongrel/rails.rb:74:in `process'
/usr/lib/ruby/gems/1.8/gems/mongrel-1.1.5/bin/../lib/mongrel.rb:159:in `process_client'
/usr/lib/ruby/gems/1.8/gems/mongrel-1.1.5/bin/../lib/mongrel.rb:158:in `each'
/usr/lib/ruby/gems/1.8/gems/mongrel-1.1.5/bin/../lib/mongrel.rb:158:in `process_client'
/usr/lib/ruby/gems/1.8/gems/mongrel-1.1.5/bin/../lib/mongrel.rb:285:in `run'
/usr/lib/ruby/gems/1.8/gems/mongrel-1.1.5/bin/../lib/mongrel.rb:285:in `initialize'
/usr/lib/ruby/gems/1.8/gems/mongrel-1.1.5/bin/../lib/mongrel.rb:285:in `new'
/usr/lib/ruby/gems/1.8/gems/mongrel-1.1.5/bin/../lib/mongrel.rb:285:in `run'
/usr/lib/ruby/gems/1.8/gems/mongrel-1.1.5/bin/../lib/mongrel.rb:268:in `initialize'
/usr/lib/ruby/gems/1.8/gems/mongrel-1.1.5/bin/../lib/mongrel.rb:268:in `new'
/usr/lib/ruby/gems/1.8/gems/mongrel-1.1.5/bin/../lib/mongrel.rb:268:in `run'
/usr/lib/ruby/gems/1.8/gems/mongrel-1.1.5/bin/../lib/mongrel/configurator.rb:282:in `run'
/usr/lib/ruby/gems/1.8/gems/mongrel-1.1.5/bin/../lib/mongrel/configurator.rb:281:in `each'
/usr/lib/ruby/gems/1.8/gems/mongrel-1.1.5/bin/../lib/mongrel/configurator.rb:281:in `run'
/usr/lib/ruby/gems/1.8/gems/mongrel-1.1.5/bin/mongrel_rails:128:in `run'
/usr/lib/ruby/gems/1.8/gems/mongrel-1.1.5/bin/../lib/mongrel/command.rb:212:in `run'
/usr/lib/ruby/gems/1.8/gems/mongrel-1.1.5/bin/mongrel_rails:281
/usr/bin/mongrel_rails:19:in `load'
/usr/bin/mongrel_rails:19
Sun Dec 16 07:29:43 -0600 2012: Error calling Dispatcher.dispatch #<NoMethodError: private method `split' called for nil:NilClass>
/usr/lib/ruby/gems/1.8/gems/actionpack-2.3.14/lib/action_controller/cgi_process.rb:52:in `dispatch_cgi'
/usr/lib/ruby/gems/1.8/gems/actionpack-2.3.14/lib/action_controller/dispatcher.rb:101:in `dispatch_cgi'
/usr/lib/ruby/gems/1.8/gems/actionpack-2.3.14/lib/action_controller/dispatcher.rb:27:in `dispatch'
/usr/lib/ruby/gems/1.8/gems/mongrel-1.1.5/bin/../lib/mongrel/rails.rb:76:in `process'
/usr/lib/ruby/gems/1.8/gems/mongrel-1.1.5/bin/../lib/mongrel/rails.rb:74:in `synchronize'
/usr/lib/ruby/gems/1.8/gems/mongrel-1.1.5/bin/../lib/mongrel/rails.rb:74:in `process'
/usr/lib/ruby/gems/1.8/gems/mongrel-1.1.5/bin/../lib/mongrel.rb:159:in `process_client'
/usr/lib/ruby/gems/1.8/gems/mongrel-1.1.5/bin/../lib/mongrel.rb:158:in `each'
/usr/lib/ruby/gems/1.8/gems/mongrel-1.1.5/bin/../lib/mongrel.rb:158:in `process_client'
/usr/lib/ruby/gems/1.8/gems/mongrel-1.1.5/bin/../lib/mongrel.rb:285:in `run'
/usr/lib/ruby/gems/1.8/gems/mongrel-1.1.5/bin/../lib/mongrel.rb:285:in `initialize'
/usr/lib/ruby/gems/1.8/gems/mongrel-1.1.5/bin/../lib/mongrel.rb:285:in `new'
/usr/lib/ruby/gems/1.8/gems/mongrel-1.1.5/bin/../lib/mongrel.rb:285:in `run'
/usr/lib/ruby/gems/1.8/gems/mongrel-1.1.5/bin/../lib/mongrel.rb:268:in `initialize'
/usr/lib/ruby/gems/1.8/gems/mongrel-1.1.5/bin/../lib/mongrel.rb:268:in `new'
/usr/lib/ruby/gems/1.8/gems/mongrel-1.1.5/bin/../lib/mongrel.rb:268:in `run'
/usr/lib/ruby/gems/1.8/gems/mongrel-1.1.5/bin/../lib/mongrel/configurator.rb:282:in `run'
/usr/lib/ruby/gems/1.8/gems/mongrel-1.1.5/bin/../lib/mongrel/configurator.rb:281:in `each'
/usr/lib/ruby/gems/1.8/gems/mongrel-1.1.5/bin/../lib/mongrel/configurator.rb:281:in `run'
/usr/lib/ruby/gems/1.8/gems/mongrel-1.1.5/bin/mongrel_rails:128:in `run'
/usr/lib/ruby/gems/1.8/gems/mongrel-1.1.5/bin/../lib/mongrel/command.rb:212:in `run'
/usr/lib/ruby/gems/1.8/gems/mongrel-1.1.5/bin/mongrel_rails:281
/usr/bin/mongrel_rails:19:in `load'
/usr/bin/mongrel_rails:19
Sun Dec 16 07:29:44 -0600 2012: Error calling Dispatcher.dispatch #<NoMethodError: private method `split' called for nil:NilClass>
/usr/lib/ruby/gems/1.8/gems/actionpack-2.3.14/lib/action_controller/cgi_process.rb:52:in `dispatch_cgi'
/usr/lib/ruby/gems/1.8/gems/actionpack-2.3.14/lib/action_controller/dispatcher.rb:101:in `dispatch_cgi'
/usr/lib/ruby/gems/1.8/gems/actionpack-2.3.14/lib/action_controller/dispatcher.rb:27:in `dispatch'
/usr/lib/ruby/gems/1.8/gems/mongrel-1.1.5/bin/../lib/mongrel/rails.rb:76:in `process'
/usr/lib/ruby/gems/1.8/gems/mongrel-1.1.5/bin/../lib/mongrel/rails.rb:74:in `synchronize'
/usr/lib/ruby/gems/1.8/gems/mongrel-1.1.5/bin/../lib/mongrel/rails.rb:74:in `process'
/usr/lib/ruby/gems/1.8/gems/mongrel-1.1.5/bin/../lib/mongrel.rb:159:in `process_client'
/usr/lib/ruby/gems/1.8/gems/mongrel-1.1.5/bin/../lib/mongrel.rb:158:in `each'
/usr/lib/ruby/gems/1.8/gems/mongrel-1.1.5/bin/../lib/mongrel.rb:158:in `process_client'
/usr/lib/ruby/gems/1.8/gems/mongrel-1.1.5/bin/../lib/mongrel.rb:285:in `run'
/usr/lib/ruby/gems/1.8/gems/mongrel-1.1.5/bin/../lib/mongrel.rb:285:in `initialize'
/usr/lib/ruby/gems/1.8/gems/mongrel-1.1.5/bin/../lib/mongrel.rb:285:in `new'
/usr/lib/ruby/gems/1.8/gems/mongrel-1.1.5/bin/../lib/mongrel.rb:285:in `run'
/usr/lib/ruby/gems/1.8/gems/mongrel-1.1.5/bin/../lib/mongrel.rb:268:in `initialize'
/usr/lib/ruby/gems/1.8/gems/mongrel-1.1.5/bin/../lib/mongrel.rb:268:in `new'
/usr/lib/ruby/gems/1.8/gems/mongrel-1.1.5/bin/../lib/mongrel.rb:268:in `run'
/usr/lib/ruby/gems/1.8/gems/mongrel-1.1.5/bin/../lib/mongrel/configurator.rb:282:in `run'
/usr/lib/ruby/gems/1.8/gems/mongrel-1.1.5/bin/../lib/mongrel/configurator.rb:281:in `each'
/usr/lib/ruby/gems/1.8/gems/mongrel-1.1.5/bin/../lib/mongrel/configurator.rb:281:in `run'
/usr/lib/ruby/gems/1.8/gems/mongrel-1.1.5/bin/mongrel_rails:128:in `run'
/usr/lib/ruby/gems/1.8/gems/mongrel-1.1.5/bin/../lib/mongrel/command.rb:212:in `run'
/usr/lib/ruby/gems/1.8/gems/mongrel-1.1.5/bin/mongrel_rails:281
/usr/bin/mongrel_rails:19:in `load'
/usr/bin/mongrel_rails:19
Sun Dec 16 07:29:45 -0600 2012: Error calling Dispatcher.dispatch #<NoMethodError: private method `split' called for nil:NilClass>
/usr/lib/ruby/gems/1.8/gems/actionpack-2.3.14/lib/action_controller/cgi_process.rb:52:in `dispatch_cgi'
/usr/lib/ruby/gems/1.8/gems/actionpack-2.3.14/lib/action_controller/dispatcher.rb:101:in `dispatch_cgi'
/usr/lib/ruby/gems/1.8/gems/actionpack-2.3.14/lib/action_controller/dispatcher.rb:27:in `dispatch'
/usr/lib/ruby/gems/1.8/gems/mongrel-1.1.5/bin/../lib/mongrel/rails.rb:76:in `process'
/usr/lib/ruby/gems/1.8/gems/mongrel-1.1.5/bin/../lib/mongrel/rails.rb:74:in `synchronize'
/usr/lib/ruby/gems/1.8/gems/mongrel-1.1.5/bin/../lib/mongrel/rails.rb:74:in `process'
/usr/lib/ruby/gems/1.8/gems/mongrel-1.1.5/bin/../lib/mongrel.rb:159:in `process_client'
/usr/lib/ruby/gems/1.8/gems/mongrel-1.1.5/bin/../lib/mongrel.rb:158:in `each'
/usr/lib/ruby/gems/1.8/gems/mongrel-1.1.5/bin/../lib/mongrel.rb:158:in `process_client'
/usr/lib/ruby/gems/1.8/gems/mongrel-1.1.5/bin/../lib/mongrel.rb:285:in `run'
/usr/lib/ruby/gems/1.8/gems/mongrel-1.1.5/bin/../lib/mongrel.rb:285:in `initialize'
/usr/lib/ruby/gems/1.8/gems/mongrel-1.1.5/bin/../lib/mongrel.rb:285:in `new'
/usr/lib/ruby/gems/1.8/gems/mongrel-1.1.5/bin/../lib/mongrel.rb:285:in `run'
/usr/lib/ruby/gems/1.8/gems/mongrel-1.1.5/bin/../lib/mongrel.rb:268:in `initialize'
/usr/lib/ruby/gems/1.8/gems/mongrel-1.1.5/bin/../lib/mongrel.rb:268:in `new'
/usr/lib/ruby/gems/1.8/gems/mongrel-1.1.5/bin/../lib/mongrel.rb:268:in `run'
/usr/lib/ruby/gems/1.8/gems/mongrel-1.1.5/bin/../lib/mongrel/configurator.rb:282:in `run'
/usr/lib/ruby/gems/1.8/gems/mongrel-1.1.5/bin/../lib/mongrel/configurator.rb:281:in `each'
/usr/lib/ruby/gems/1.8/gems/mongrel-1.1.5/bin/../lib/mongrel/configurator.rb:281:in `run'
/usr/lib/ruby/gems/1.8/gems/mongrel-1.1.5/bin/mongrel_rails:128:in `run'
/usr/lib/ruby/gems/1.8/gems/mongrel-1.1.5/bin/../lib/mongrel/command.rb:212:in `run'
/usr/lib/ruby/gems/1.8/gems/mongrel-1.1.5/bin/mongrel_rails:281
/usr/bin/mongrel_rails:19:in `load'
/usr/bin/mongrel_rails:19
** TERM signal received.
